2018-01-20 00:01:15,482 - main -****************************************************************************************************
2018-01-20 00:01:15,482 - train_for -Start runing for feature keras_vgg16_fc2...
2018-01-20 00:01:15,482 - train_for ->>>>>>>>>>>>>>>>>>>>>>>>>>>>>>>>>>>>>>>>>>>>>>>>>>>>>>>>>>>>>>>>>>>>>>>>>>>>>>>>>>>>>>>>>>>>>>>>>>>>
2018-01-20 00:01:15,482 - train -Start training for train set 0 with feature keras_vgg16_fc2
2018-01-20 00:01:15,482 - get_train_data -Getting training data for training set 0 with feature keras_vgg16_fc2...
2018-01-20 00:01:15,482 - get_train_data -Getting X from ../bin/features/keras_vgg16_fc2/trainlist00.pkl...
2018-01-20 00:01:15,529 - get_train_data -X shape: (38L, 4096L)
2018-01-20 00:01:15,529 - get_train_data -Getting y from ../bin/labels/trainlist00.pkl...
2018-01-20 00:01:15,529 - get_train_data -y shape: (38L,)
2018-01-20 00:01:15,530 - train -Fitting with model 0: linear_0.1_None_None.pkl
2018-01-20 00:01:15,539 - train -Done. fit_time = 0.00800013542175
2018-01-20 00:01:15,539 - train -Saving model 0 to ../bin/models/keras_vgg16_fc2/trainlist00 ...
2018-01-20 00:01:15,553 - train -Fitting with model 1: linear_1000_None_None.pkl
2018-01-20 00:01:15,559 - train -Done. fit_time = 0.00499987602234
2018-01-20 00:01:15,559 - train -Saving model 1 to ../bin/models/keras_vgg16_fc2/trainlist00 ...
2018-01-20 00:01:15,576 - train -Fitting with model 2: rbf_0.1_None_0.000001.pkl
2018-01-20 00:01:15,592 - train -Done. fit_time = 0.0149998664856
2018-01-20 00:01:15,592 - train -Saving model 2 to ../bin/models/keras_vgg16_fc2/trainlist00 ...
2018-01-20 00:01:15,612 - train -Fitting with model 3: rbf_0.1_None_0.01.pkl
2018-01-20 00:01:15,628 - train -Done. fit_time = 0.0160000324249
2018-01-20 00:01:15,628 - train -Saving model 3 to ../bin/models/keras_vgg16_fc2/trainlist00 ...
2018-01-20 00:01:15,648 - train -Fitting with model 4: rbf_1000_None_0.000001.pkl
2018-01-20 00:01:15,655 - train -Done. fit_time = 0.00699996948242
2018-01-20 00:01:15,655 - train -Saving model 4 to ../bin/models/keras_vgg16_fc2/trainlist00 ...
2018-01-20 00:01:15,668 - train -Fitting with model 5: rbf_1000_None_0.01.pkl
2018-01-20 00:01:15,694 - train -Done. fit_time = 0.021999835968
2018-01-20 00:01:15,696 - train -Saving model 5 to ../bin/models/keras_vgg16_fc2/trainlist00 ...
2018-01-20 00:01:15,710 - train -Fitting with model 6: poly_0.1_2_None.pkl
2018-01-20 00:01:15,727 - train -Done. fit_time = 0.0169999599457
2018-01-20 00:01:15,729 - train -Saving model 6 to ../bin/models/keras_vgg16_fc2/trainlist00 ...
2018-01-20 00:01:15,743 - train -Fitting with model 7: poly_1000_2_None.pkl
2018-01-20 00:01:15,753 - train -Done. fit_time = 0.007000207901
2018-01-20 00:01:15,753 - train -Saving model 7 to ../bin/models/keras_vgg16_fc2/trainlist00 ...
2018-01-20 00:01:15,772 - train -Fitting with model 8: poly_0.1_3_None.pkl
2018-01-20 00:01:15,783 - train -Done. fit_time = 0.0119998455048
2018-01-20 00:01:15,786 - train -Saving model 8 to ../bin/models/keras_vgg16_fc2/trainlist00 ...
2018-01-20 00:01:15,802 - train -Fitting with model 9: poly_1000_3_None.pkl
2018-01-20 00:01:15,809 - train -Done. fit_time = 0.00500011444092
2018-01-20 00:01:15,809 - train -Saving model 9 to ../bin/models/keras_vgg16_fc2/trainlist00 ...
2018-01-20 00:01:15,829 - train_for ->>>>>>>>>>>>>>>>>>>>>>>>>>>>>>>>>>>>>>>>>>>>>>>>>>>>>>>>>>>>>>>>>>>>>>>>>>>>>>>>>>>>>>>>>>>>>>>>>>>>
2018-01-20 00:01:15,831 - main -****************************************************************************************************
2018-01-20 00:02:21,769 - main -****************************************************************************************************
2018-01-20 00:02:21,769 - train_for -Start runing for feature keras_vgg16_fc2...
2018-01-20 00:02:21,785 - train_for ->>>>>>>>>>>>>>>>>>>>>>>>>>>>>>>>>>>>>>>>>>>>>>>>>>>>>>>>>>>>>>>>>>>>>>>>>>>>>>>>>>>>>>>>>>>>>>>>>>>>
2018-01-20 00:02:21,785 - train -Start training for train set 0 with feature keras_vgg16_fc2
2018-01-20 00:02:21,789 - get_train_data -Getting training data for training set 0 with feature keras_vgg16_fc2...
2018-01-20 00:02:21,789 - get_train_data -Getting X from ../bin/features/keras_vgg16_fc2/trainlist00.pkl...
2018-01-20 00:02:21,829 - get_train_data -X shape: (38L, 4096L)
2018-01-20 00:02:21,831 - get_train_data -Getting y from ../bin/labels/trainlist00.pkl...
2018-01-20 00:02:21,832 - get_train_data -y shape: (38L,)
2018-01-20 00:02:21,832 - train -Model ../bin/models/keras_vgg16_fc2/trainlist00/linear_0.1_None_None.pkl existed.
2018-01-20 00:02:21,835 - train -Model ../bin/models/keras_vgg16_fc2/trainlist00/linear_1000_None_None.pkl existed.
2018-01-20 00:02:21,835 - train -Model ../bin/models/keras_vgg16_fc2/trainlist00/rbf_0.1_None_0.000001.pkl existed.
2018-01-20 00:02:21,835 - train -Model ../bin/models/keras_vgg16_fc2/trainlist00/rbf_0.1_None_0.01.pkl existed.
2018-01-20 00:02:21,836 - train -Model ../bin/models/keras_vgg16_fc2/trainlist00/rbf_1000_None_0.000001.pkl existed.
2018-01-20 00:02:21,838 - train -Model ../bin/models/keras_vgg16_fc2/trainlist00/rbf_1000_None_0.01.pkl existed.
2018-01-20 00:02:21,838 - train -Model ../bin/models/keras_vgg16_fc2/trainlist00/poly_0.1_2_None.pkl existed.
2018-01-20 00:02:21,838 - train -Model ../bin/models/keras_vgg16_fc2/trainlist00/poly_1000_2_None.pkl existed.
2018-01-20 00:02:21,839 - train -Model ../bin/models/keras_vgg16_fc2/trainlist00/poly_0.1_3_None.pkl existed.
2018-01-20 00:02:21,841 - train -Model ../bin/models/keras_vgg16_fc2/trainlist00/poly_1000_3_None.pkl existed.
2018-01-20 00:02:21,841 - train_for ->>>>>>>>>>>>>>>>>>>>>>>>>>>>>>>>>>>>>>>>>>>>>>>>>>>>>>>>>>>>>>>>>>>>>>>>>>>>>>>>>>>>>>>>>>>>>>>>>>>>
2018-01-20 00:02:21,842 - train_for ->>>>>>>>>>>>>>>>>>>>>>>>>>>>>>>>>>>>>>>>>>>>>>>>>>>>>>>>>>>>>>>>>>>>>>>>>>>>>>>>>>>>>>>>>>>>>>>>>>>>
2018-01-20 00:02:21,842 - train -Start training for train set 1 with feature keras_vgg16_fc2
2018-01-20 00:02:21,842 - get_train_data -Getting training data for training set 1 with feature keras_vgg16_fc2...
2018-01-20 00:02:21,844 - get_train_data -Getting X from ../bin/features/keras_vgg16_fc2/trainlist01.pkl...
2018-01-20 00:03:54,920 - get_train_data -X shape: (24954L, 4096L)
2018-01-20 00:03:54,920 - get_train_data -Getting y from ../bin/labels/trainlist01.pkl...
2018-01-20 00:03:55,023 - get_train_data -y shape: (24954L,)
2018-01-20 00:03:55,023 - train -Creating models folder ../bin/models/keras_vgg16_fc2/trainlist01...
2018-01-20 00:03:55,023 - train -Fitting with model 0: linear_0.1_None_None.pkl
2018-01-20 00:07:59,990 - train -Done. fit_time = 244.96600008
2018-01-20 00:07:59,990 - train -Saving model 0 to ../bin/models/keras_vgg16_fc2/trainlist01 ...
2018-01-20 00:08:00,328 - train -Fitting with model 1: linear_1000_None_None.pkl
2018-01-20 00:12:11,822 - train -Done. fit_time = 251.478999853
2018-01-20 00:12:11,822 - train -Saving model 1 to ../bin/models/keras_vgg16_fc2/trainlist01 ...
2018-01-20 00:12:12,154 - train -Fitting with model 2: rbf_0.1_None_0.000001.pkl
2018-01-20 01:44:03,035 - train -Done. fit_time = 5510.88000011
2018-01-20 01:44:03,036 - train -Saving model 2 to ../bin/models/keras_vgg16_fc2/trainlist01 ...
2018-01-20 01:44:03,980 - train -Fitting with model 3: rbf_0.1_None_0.01.pkl
2018-01-20 03:35:39,477 - train -Done. fit_time = 6695.49699998
2018-01-20 03:35:39,477 - train -Saving model 3 to ../bin/models/keras_vgg16_fc2/trainlist01 ...
2018-01-20 03:35:40,263 - train -Fitting with model 4: rbf_1000_None_0.000001.pkl
2018-01-20 03:39:57,838 - train -Done. fit_time = 257.559999943
2018-01-20 03:39:57,838 - train -Saving model 4 to ../bin/models/keras_vgg16_fc2/trainlist01 ...
2018-01-20 03:39:58,427 - train -Fitting with model 5: rbf_1000_None_0.01.pkl
2018-01-20 05:32:07,463 - train -Done. fit_time = 6729.03500009
2018-01-20 05:32:07,463 - train -Saving model 5 to ../bin/models/keras_vgg16_fc2/trainlist01 ...
2018-01-20 05:32:09,819 - train -Fitting with model 6: poly_0.1_2_None.pkl
2018-01-20 06:00:12,069 - train -Done. fit_time = 1682.25099993
2018-01-20 06:00:12,071 - train -Saving model 6 to ../bin/models/keras_vgg16_fc2/trainlist01 ...
2018-01-20 06:00:13,165 - train -Fitting with model 7: poly_1000_2_None.pkl
2018-01-20 06:05:19,776 - train -Done. fit_time = 306.610000134
2018-01-20 06:05:19,776 - train -Saving model 7 to ../bin/models/keras_vgg16_fc2/trainlist01 ...
2018-01-20 06:05:20,092 - train -Fitting with model 8: poly_0.1_3_None.pkl
2018-01-20 06:43:49,164 - train -Done. fit_time = 2309.07200003
2018-01-20 06:43:49,164 - train -Saving model 8 to ../bin/models/keras_vgg16_fc2/trainlist01 ...
2018-01-20 06:43:49,858 - train -Fitting with model 9: poly_1000_3_None.pkl
2018-01-20 06:50:02,704 - train -Done. fit_time = 372.845999956
2018-01-20 06:50:02,704 - train -Saving model 9 to ../bin/models/keras_vgg16_fc2/trainlist01 ...
2018-01-20 06:50:10,615 - train_for ->>>>>>>>>>>>>>>>>>>>>>>>>>>>>>>>>>>>>>>>>>>>>>>>>>>>>>>>>>>>>>>>>>>>>>>>>>>>>>>>>>>>>>>>>>>>>>>>>>>>
2018-01-20 06:50:10,615 - train_for ->>>>>>>>>>>>>>>>>>>>>>>>>>>>>>>>>>>>>>>>>>>>>>>>>>>>>>>>>>>>>>>>>>>>>>>>>>>>>>>>>>>>>>>>>>>>>>>>>>>>
2018-01-20 06:50:10,615 - train -Start training for train set 2 with feature keras_vgg16_fc2
2018-01-20 06:50:10,631 - get_train_data -Getting training data for training set 2 with feature keras_vgg16_fc2...
2018-01-20 06:50:10,632 - get_train_data -Getting X from ../bin/features/keras_vgg16_fc2/trainlist02.pkl...
2018-01-20 06:51:16,767 - get_train_data -X shape: (25436L, 4096L)
2018-01-20 06:51:16,767 - get_train_data -Getting y from ../bin/labels/trainlist02.pkl...
2018-01-20 06:51:16,967 - get_train_data -y shape: (25436L,)
2018-01-20 06:51:16,967 - train -Creating models folder ../bin/models/keras_vgg16_fc2/trainlist02...
2018-01-20 06:51:16,967 - train -Fitting with model 0: linear_0.1_None_None.pkl
2018-01-20 06:55:17,828 - train -Done. fit_time = 240.860000134
2018-01-20 06:55:17,828 - train -Saving model 0 to ../bin/models/keras_vgg16_fc2/trainlist02 ...
2018-01-20 06:55:18,414 - train -Fitting with model 1: linear_1000_None_None.pkl
2018-01-20 06:59:19,711 - train -Done. fit_time = 241.296999931
2018-01-20 06:59:19,711 - train -Saving model 1 to ../bin/models/keras_vgg16_fc2/trainlist02 ...
2018-01-20 06:59:20,302 - train -Fitting with model 2: rbf_0.1_None_0.000001.pkl
2018-01-20 08:38:04,963 - train -Done. fit_time = 5924.65899992
2018-01-20 08:38:04,966 - train -Saving model 2 to ../bin/models/keras_vgg16_fc2/trainlist02 ...
2018-01-20 08:38:06,066 - train -Fitting with model 3: rbf_0.1_None_0.01.pkl
2018-01-20 10:43:16,693 - train -Done. fit_time = 7510.625
2018-01-20 10:43:16,693 - train -Saving model 3 to ../bin/models/keras_vgg16_fc2/trainlist02 ...
2018-01-20 10:43:17,801 - train -Fitting with model 4: rbf_1000_None_0.000001.pkl
2018-01-20 10:47:49,467 - train -Done. fit_time = 271.664999962
2018-01-20 10:47:49,467 - train -Saving model 4 to ../bin/models/keras_vgg16_fc2/trainlist02 ...
2018-01-20 10:47:49,795 - train -Fitting with model 5: rbf_1000_None_0.01.pkl
2018-01-20 12:43:53,203 - train -Done. fit_time = 6963.40899992
2018-01-20 12:43:53,203 - train -Saving model 5 to ../bin/models/keras_vgg16_fc2/trainlist02 ...
2018-01-20 12:43:54,259 - train -Fitting with model 6: poly_0.1_2_None.pkl
2018-01-20 13:13:01,891 - train -Done. fit_time = 1747.6329999
2018-01-20 13:13:01,891 - train -Saving model 6 to ../bin/models/keras_vgg16_fc2/trainlist02 ...
2018-01-20 13:13:02,545 - train -Fitting with model 7: poly_1000_2_None.pkl
2018-01-20 13:18:24,313 - train -Done. fit_time = 321.768999815
2018-01-20 13:18:24,313 - train -Saving model 7 to ../bin/models/keras_vgg16_fc2/trainlist02 ...
2018-01-20 13:18:24,887 - train -Fitting with model 8: poly_0.1_3_None.pkl
2018-01-20 13:58:06,463 - train -Done. fit_time = 2381.5769999
2018-01-20 13:58:06,463 - train -Saving model 8 to ../bin/models/keras_vgg16_fc2/trainlist02 ...
2018-01-20 13:58:07,433 - train -Fitting with model 9: poly_1000_3_None.pkl
2018-01-20 14:04:42,454 - train -Done. fit_time = 395.020999908
2018-01-20 14:04:42,454 - train -Saving model 9 to ../bin/models/keras_vgg16_fc2/trainlist02 ...
2018-01-20 14:04:46,967 - train_for ->>>>>>>>>>>>>>>>>>>>>>>>>>>>>>>>>>>>>>>>>>>>>>>>>>>>>>>>>>>>>>>>>>>>>>>>>>>>>>>>>>>>>>>>>>>>>>>>>>>>
2018-01-20 14:04:46,967 - train_for ->>>>>>>>>>>>>>>>>>>>>>>>>>>>>>>>>>>>>>>>>>>>>>>>>>>>>>>>>>>>>>>>>>>>>>>>>>>>>>>>>>>>>>>>>>>>>>>>>>>>
2018-01-20 14:04:46,967 - train -Start training for train set 3 with feature keras_vgg16_fc2
2018-01-20 14:04:46,983 - get_train_data -Getting training data for training set 3 with feature keras_vgg16_fc2...
2018-01-20 14:04:47,023 - get_train_data -Getting X from ../bin/features/keras_vgg16_fc2/trainlist03.pkl...
2018-01-20 14:05:20,928 - get_train_data -X shape: (26140L, 4096L)
2018-01-20 14:05:20,928 - get_train_data -Getting y from ../bin/labels/trainlist03.pkl...
2018-01-20 14:05:21,298 - get_train_data -y shape: (26140L,)
2018-01-20 14:05:21,298 - train -Creating models folder ../bin/models/keras_vgg16_fc2/trainlist03...
2018-01-20 14:05:21,298 - train -Fitting with model 0: linear_0.1_None_None.pkl
2018-01-20 14:09:31,246 - train -Done. fit_time = 249.947999954
2018-01-20 14:09:31,246 - train -Saving model 0 to ../bin/models/keras_vgg16_fc2/trainlist03 ...
2018-01-20 14:09:31,799 - train -Fitting with model 1: linear_1000_None_None.pkl
2018-01-20 14:13:42,142 - train -Done. fit_time = 250.342999935
2018-01-20 14:13:42,142 - train -Saving model 1 to ../bin/models/keras_vgg16_fc2/trainlist03 ...
2018-01-20 14:13:42,733 - train -Fitting with model 2: rbf_0.1_None_0.000001.pkl
2018-01-20 15:58:29,101 - train -Done. fit_time = 6286.36800003
2018-01-20 15:58:29,101 - train -Saving model 2 to ../bin/models/keras_vgg16_fc2/trainlist03 ...
2018-01-20 15:58:30,519 - train -Fitting with model 3: rbf_0.1_None_0.01.pkl
2018-01-20 17:01:57,272 - main -****************************************************************************************************
2018-01-20 17:01:57,272 - train_for -Start runing for feature keras_vgg16_fc2...
2018-01-20 17:01:57,273 - train_for ->>>>>>>>>>>>>>>>>>>>>>>>>>>>>>>>>>>>>>>>>>>>>>>>>>>>>>>>>>>>>>>>>>>>>>>>>>>>>>>>>>>>>>>>>>>>>>>>>>>>
2018-01-20 17:01:57,273 - train -Start training for train set 0 with feature keras_vgg16_fc2
2018-01-20 17:01:57,273 - get_train_data -Getting training data for training set 0 with feature keras_vgg16_fc2...
2018-01-20 17:01:57,273 - get_train_data -Getting X from ../bin/features/keras_vgg16_fc2/trainlist00.pkl...
2018-01-20 17:01:57,326 - get_train_data -X shape: (38L, 4096L)
2018-01-20 17:01:57,326 - get_train_data -Getting y from ../bin/labels/trainlist00.pkl...
2018-01-20 17:01:57,326 - get_train_data -y shape: (38L,)
2018-01-20 17:01:57,326 - train -Model ../bin/models/keras_vgg16_fc2/trainlist00/linear_0.1_None_None.pkl existed.
2018-01-20 17:01:57,326 - train -Model ../bin/models/keras_vgg16_fc2/trainlist00/linear_1000_None_None.pkl existed.
2018-01-20 17:01:57,342 - train -Model ../bin/models/keras_vgg16_fc2/trainlist00/rbf_0.1_None_0.000001.pkl existed.
2018-01-20 17:01:57,344 - train -Model ../bin/models/keras_vgg16_fc2/trainlist00/rbf_0.1_None_0.01.pkl existed.
2018-01-20 17:01:57,345 - train -Model ../bin/models/keras_vgg16_fc2/trainlist00/rbf_1000_None_0.000001.pkl existed.
2018-01-20 17:01:57,345 - train -Model ../bin/models/keras_vgg16_fc2/trainlist00/rbf_1000_None_0.01.pkl existed.
2018-01-20 17:01:57,346 - train -Model ../bin/models/keras_vgg16_fc2/trainlist00/poly_0.1_2_None.pkl existed.
2018-01-20 17:01:57,346 - train -Model ../bin/models/keras_vgg16_fc2/trainlist00/poly_1000_2_None.pkl existed.
2018-01-20 17:01:57,348 - train -Model ../bin/models/keras_vgg16_fc2/trainlist00/poly_0.1_3_None.pkl existed.
2018-01-20 17:01:57,348 - train -Model ../bin/models/keras_vgg16_fc2/trainlist00/poly_1000_3_None.pkl existed.
2018-01-20 17:01:57,348 - train_for ->>>>>>>>>>>>>>>>>>>>>>>>>>>>>>>>>>>>>>>>>>>>>>>>>>>>>>>>>>>>>>>>>>>>>>>>>>>>>>>>>>>>>>>>>>>>>>>>>>>>
2018-01-20 17:01:57,348 - train_for ->>>>>>>>>>>>>>>>>>>>>>>>>>>>>>>>>>>>>>>>>>>>>>>>>>>>>>>>>>>>>>>>>>>>>>>>>>>>>>>>>>>>>>>>>>>>>>>>>>>>
2018-01-20 17:01:57,348 - train -Start training for train set 1 with feature keras_vgg16_fc2
2018-01-20 17:01:57,348 - get_train_data -Getting training data for training set 1 with feature keras_vgg16_fc2...
2018-01-20 17:01:57,349 - get_train_data -Getting X from ../bin/features/keras_vgg16_fc2/trainlist01.pkl...
2018-01-20 17:02:56,950 - main -****************************************************************************************************
2018-01-20 17:02:56,950 - train_for -Start runing for feature keras_vgg16_fc2...
2018-01-20 17:02:56,950 - train_for ->>>>>>>>>>>>>>>>>>>>>>>>>>>>>>>>>>>>>>>>>>>>>>>>>>>>>>>>>>>>>>>>>>>>>>>>>>>>>>>>>>>>>>>>>>>>>>>>>>>>
2018-01-20 17:02:56,950 - train -Start training for train set 3 with feature keras_vgg16_fc2
2018-01-20 17:02:56,950 - get_train_data -Getting training data for training set 3 with feature keras_vgg16_fc2...
2018-01-20 17:02:56,966 - get_train_data -Getting X from ../bin/features/keras_vgg16_fc2/trainlist03.pkl...
2018-01-20 17:05:21,398 - get_train_data -X shape: (26140L, 4096L)
2018-01-20 17:05:21,398 - get_train_data -Getting y from ../bin/labels/trainlist03.pkl...
2018-01-20 17:05:21,546 - get_train_data -y shape: (26140L,)
2018-01-20 17:05:21,548 - train -Model ../bin/models/keras_vgg16_fc2/trainlist03/linear_0.1_None_None.pkl existed.
2018-01-20 17:05:21,548 - train -Model ../bin/models/keras_vgg16_fc2/trainlist03/linear_1000_None_None.pkl existed.
2018-01-20 17:05:21,548 - train -Model ../bin/models/keras_vgg16_fc2/trainlist03/rbf_0.1_None_0.000001.pkl existed.
2018-01-20 17:05:21,548 - train -Fitting with model 3: rbf_0.1_None_0.01.pkl
2018-01-20 19:19:27,834 - train -Done. fit_time = 8046.28299999
2018-01-20 19:19:27,836 - train -Saving model 3 to ../bin/models/keras_vgg16_fc2/trainlist03 ...
2018-01-20 19:19:30,881 - train -Fitting with model 4: rbf_1000_None_0.000001.pkl
2018-01-20 19:24:47,128 - train -Done. fit_time = 316.246000051
2018-01-20 19:24:47,128 - train -Saving model 4 to ../bin/models/keras_vgg16_fc2/trainlist03 ...
2018-01-20 19:24:47,842 - train -Fitting with model 5: rbf_1000_None_0.01.pkl
2018-01-20 21:46:27,782 - train -Done. fit_time = 8499.93900013
2018-01-20 21:46:27,785 - train -Saving model 5 to ../bin/models/keras_vgg16_fc2/trainlist03 ...
2018-01-20 21:46:30,421 - train -Fitting with model 6: poly_0.1_2_None.pkl
2018-01-20 22:20:36,209 - train -Done. fit_time = 2045.78800011
2018-01-20 22:20:36,210 - train -Saving model 6 to ../bin/models/keras_vgg16_fc2/trainlist03 ...
2018-01-20 22:20:37,329 - train -Fitting with model 7: poly_1000_2_None.pkl
2018-01-20 22:27:01,591 - train -Done. fit_time = 384.261000156
2018-01-20 22:27:01,591 - train -Saving model 7 to ../bin/models/keras_vgg16_fc2/trainlist03 ...
2018-01-20 22:27:01,941 - train -Fitting with model 8: poly_0.1_3_None.pkl
2018-01-20 23:12:13,134 - train -Done. fit_time = 2711.17700005
2018-01-20 23:12:13,134 - train -Saving model 8 to ../bin/models/keras_vgg16_fc2/trainlist03 ...
2018-01-20 23:12:14,653 - train -Fitting with model 9: poly_1000_3_None.pkl
2018-01-20 23:19:58,832 - train -Done. fit_time = 464.178999901
2018-01-20 23:19:58,832 - train -Saving model 9 to ../bin/models/keras_vgg16_fc2/trainlist03 ...
2018-01-20 23:20:22,236 - train_for ->>>>>>>>>>>>>>>>>>>>>>>>>>>>>>>>>>>>>>>>>>>>>>>>>>>>>>>>>>>>>>>>>>>>>>>>>>>>>>>>>>>>>>>>>>>>>>>>>>>>
2018-01-20 23:20:22,236 - train_for ->>>>>>>>>>>>>>>>>>>>>>>>>>>>>>>>>>>>>>>>>>>>>>>>>>>>>>>>>>>>>>>>>>>>>>>>>>>>>>>>>>>>>>>>>>>>>>>>>>>>
2018-01-20 23:20:22,236 - train -Start training for train set 4 with feature keras_vgg16_fc2
2018-01-20 23:20:22,236 - get_train_data -Getting training data for training set 4 with feature keras_vgg16_fc2...
2018-01-20 23:20:22,252 - get_train_data -Getting X from ../bin/features/keras_vgg16_fc2/trainlist04.pkl...
2018-01-20 23:21:59,895 - get_train_data -X shape: (25871L, 4096L)
2018-01-20 23:21:59,897 - get_train_data -Getting y from ../bin/labels/trainlist04.pkl...
2018-01-20 23:22:00,105 - get_train_data -y shape: (25871L,)
2018-01-20 23:22:00,105 - train -Creating models folder ../bin/models/keras_vgg16_fc2/trainlist04...
2018-01-20 23:22:00,105 - train -Fitting with model 0: linear_0.1_None_None.pkl
2018-01-20 23:26:44,496 - train -Done. fit_time = 284.391000032
2018-01-20 23:26:44,497 - train -Saving model 0 to ../bin/models/keras_vgg16_fc2/trainlist04 ...
2018-01-20 23:26:45,144 - train -Fitting with model 1: linear_1000_None_None.pkl
2018-01-20 23:31:30,467 - train -Done. fit_time = 285.322999954
2018-01-20 23:31:30,469 - train -Saving model 1 to ../bin/models/keras_vgg16_fc2/trainlist04 ...
2018-01-20 23:31:31,016 - train -Fitting with model 2: rbf_0.1_None_0.000001.pkl
2018-01-21 01:15:29,851 - train -Done. fit_time = 6238.83599997
2018-01-21 01:15:29,851 - train -Saving model 2 to ../bin/models/keras_vgg16_fc2/trainlist04 ...
2018-01-21 01:15:31,140 - train -Fitting with model 3: rbf_0.1_None_0.01.pkl
2018-01-21 03:10:39,747 - train -Done. fit_time = 6908.6079998
2018-01-21 03:10:39,747 - train -Saving model 3 to ../bin/models/keras_vgg16_fc2/trainlist04 ...
2018-01-21 03:10:40,901 - train -Fitting with model 4: rbf_1000_None_0.000001.pkl
2018-01-21 03:15:19,098 - train -Done. fit_time = 278.197000027
2018-01-21 03:15:19,098 - train -Saving model 4 to ../bin/models/keras_vgg16_fc2/trainlist04 ...
2018-01-21 03:15:19,460 - train -Fitting with model 5: rbf_1000_None_0.01.pkl
2018-01-21 05:15:00,694 - train -Done. fit_time = 7181.23399997
2018-01-21 05:15:00,694 - train -Saving model 5 to ../bin/models/keras_vgg16_fc2/trainlist04 ...
2018-01-21 05:15:03,388 - train -Fitting with model 6: poly_0.1_2_None.pkl
2018-01-21 05:45:43,408 - train -Done. fit_time = 1840.02099991
2018-01-21 05:45:43,408 - train -Saving model 6 to ../bin/models/keras_vgg16_fc2/trainlist04 ...
2018-01-21 05:45:44,311 - train -Fitting with model 7: poly_1000_2_None.pkl
2018-01-21 05:51:16,726 - train -Done. fit_time = 332.414999962
2018-01-21 05:51:16,726 - train -Saving model 7 to ../bin/models/keras_vgg16_fc2/trainlist04 ...
2018-01-21 05:51:17,242 - train -Fitting with model 8: poly_0.1_3_None.pkl
2018-01-21 06:34:26,295 - train -Done. fit_time = 2589.05299997
2018-01-21 06:34:26,295 - train -Saving model 8 to ../bin/models/keras_vgg16_fc2/trainlist04 ...
2018-01-21 06:34:30,224 - train -Fitting with model 9: poly_1000_3_None.pkl
2018-01-21 06:42:09,055 - train -Done. fit_time = 458.83100009
2018-01-21 06:42:09,055 - train -Saving model 9 to ../bin/models/keras_vgg16_fc2/trainlist04 ...
2018-01-21 06:42:18,194 - train_for ->>>>>>>>>>>>>>>>>>>>>>>>>>>>>>>>>>>>>>>>>>>>>>>>>>>>>>>>>>>>>>>>>>>>>>>>>>>>>>>>>>>>>>>>>>>>>>>>>>>>
2018-01-21 06:42:18,194 - main -****************************************************************************************************
2018-01-20 17:03:49,078 - main -****************************************************************************************************
2018-01-20 17:03:49,078 - train_for -Start runing for feature keras_vgg16_fc2...
2018-01-20 17:03:49,078 - train_for ->>>>>>>>>>>>>>>>>>>>>>>>>>>>>>>>>>>>>>>>>>>>>>>>>>>>>>>>>>>>>>>>>>>>>>>>>>>>>>>>>>>>>>>>>>>>>>>>>>>>
2018-01-20 17:03:49,078 - train -Start training for train set 5 with feature keras_vgg16_fc2
2018-01-20 17:03:49,079 - get_train_data -Getting training data for training set 5 with feature keras_vgg16_fc2...
2018-01-20 17:03:49,096 - get_train_data -Getting X from ../bin/features/keras_vgg16_fc2/trainlist05.pkl...
2018-01-20 17:06:02,733 - get_train_data -X shape: (26057L, 4096L)
2018-01-20 17:06:02,746 - get_train_data -Getting y from ../bin/labels/trainlist05.pkl...
2018-01-20 17:06:02,900 - get_train_data -y shape: (26057L,)
2018-01-20 17:06:02,900 - train -Creating models folder ../bin/models/keras_vgg16_fc2/trainlist05...
2018-01-20 17:06:02,900 - train -Fitting with model 0: linear_0.1_None_None.pkl
2018-01-20 17:10:56,490 - train -Done. fit_time = 293.589999914
2018-01-20 17:10:56,490 - train -Saving model 0 to ../bin/models/keras_vgg16_fc2/trainlist05 ...
2018-01-20 17:10:56,901 - train -Fitting with model 1: linear_1000_None_None.pkl
2018-01-20 17:15:46,505 - train -Done. fit_time = 289.601999998
2018-01-20 17:15:46,506 - train -Saving model 1 to ../bin/models/keras_vgg16_fc2/trainlist05 ...
2018-01-20 17:15:46,881 - train -Fitting with model 2: rbf_0.1_None_0.000001.pkl
2018-01-20 19:02:25,030 - train -Done. fit_time = 6398.14999986
2018-01-20 19:02:25,032 - train -Saving model 2 to ../bin/models/keras_vgg16_fc2/trainlist05 ...
2018-01-20 19:02:26,237 - train -Fitting with model 3: rbf_0.1_None_0.01.pkl
2018-01-20 21:16:49,342 - train -Done. fit_time = 8063.102
2018-01-20 21:16:49,344 - train -Saving model 3 to ../bin/models/keras_vgg16_fc2/trainlist05 ...
2018-01-20 21:16:51,085 - train -Fitting with model 4: rbf_1000_None_0.000001.pkl
2018-01-20 21:23:02,259 - train -Done. fit_time = 371.174000025
2018-01-20 21:23:02,259 - train -Saving model 4 to ../bin/models/keras_vgg16_fc2/trainlist05 ...
2018-01-20 21:23:02,823 - train -Fitting with model 5: rbf_1000_None_0.01.pkl
2018-01-20 23:39:47,854 - train -Done. fit_time = 8205.02800012
2018-01-20 23:39:47,855 - train -Saving model 5 to ../bin/models/keras_vgg16_fc2/trainlist05 ...
2018-01-20 23:39:49,299 - train -Fitting with model 6: poly_0.1_2_None.pkl
2018-01-21 00:14:02,194 - train -Done. fit_time = 2052.89499998
2018-01-21 00:14:02,194 - train -Saving model 6 to ../bin/models/keras_vgg16_fc2/trainlist05 ...
2018-01-21 00:14:03,344 - train -Fitting with model 7: poly_1000_2_None.pkl
2018-01-21 00:20:17,713 - train -Done. fit_time = 374.369999886
2018-01-21 00:20:17,713 - train -Saving model 7 to ../bin/models/keras_vgg16_fc2/trainlist05 ...
2018-01-21 00:20:18,257 - train -Fitting with model 8: poly_0.1_3_None.pkl
2018-01-21 01:07:18,714 - train -Done. fit_time = 2820.45700002
2018-01-21 01:07:18,716 - train -Saving model 8 to ../bin/models/keras_vgg16_fc2/trainlist05 ...
2018-01-21 01:07:20,591 - train -Fitting with model 9: poly_1000_3_None.pkl
2018-01-21 01:14:59,888 - train -Done. fit_time = 459.297999859
2018-01-21 01:14:59,890 - train -Saving model 9 to ../bin/models/keras_vgg16_fc2/trainlist05 ...
2018-01-21 01:15:21,118 - train_for ->>>>>>>>>>>>>>>>>>>>>>>>>>>>>>>>>>>>>>>>>>>>>>>>>>>>>>>>>>>>>>>>>>>>>>>>>>>>>>>>>>>>>>>>>>>>>>>>>>>>
2018-01-21 01:15:21,118 - main -****************************************************************************************************
2018-02-01 10:39:19,613 - main -****************************************************************************************************
2018-02-01 10:39:19,628 - train_for -Start runing for feature keras_vgg16_fc2-edges...
2018-02-01 10:39:19,628 - train_for ->>>>>>>>>>>>>>>>>>>>>>>>>>>>>>>>>>>>>>>>>>>>>>>>>>>>>>>>>>>>>>>>>>>>>>>>>>>>>>>>>>>>>>>>>>>>>>>>>>>>
2018-02-01 10:39:19,628 - train -Start training for train set 0 with feature keras_vgg16_fc2-edges
2018-02-01 10:39:19,628 - get_models -!Error: File not found ../config/models_config.csv
2018-02-01 10:39:19,628 - get_train_data -Getting training data for training set 0 with feature keras_vgg16_fc2-edges...
2018-02-01 10:39:19,628 - get_train_data -Getting X from ../bin/features/keras_vgg16_fc2-edges/trainlist00.pkl...
2018-02-01 10:39:19,628 - get_train_data -X shape: (38, 4096)
2018-02-01 10:39:19,628 - get_train_data -Getting y from ../bin/labels/trainlist00.pkl...
2018-02-01 10:39:19,647 - get_train_data -y shape: (38,)
2018-02-01 10:39:19,650 - train -Creating models folder ../bin/models/keras_vgg16_fc2-edges/trainlist00...
2018-02-01 10:39:19,650 - train_for ->>>>>>>>>>>>>>>>>>>>>>>>>>>>>>>>>>>>>>>>>>>>>>>>>>>>>>>>>>>>>>>>>>>>>>>>>>>>>>>>>>>>>>>>>>>>>>>>>>>>
2018-02-01 10:39:19,650 - train_for ->>>>>>>>>>>>>>>>>>>>>>>>>>>>>>>>>>>>>>>>>>>>>>>>>>>>>>>>>>>>>>>>>>>>>>>>>>>>>>>>>>>>>>>>>>>>>>>>>>>>
2018-02-01 10:39:19,651 - train -Start training for train set 1 with feature keras_vgg16_fc2-edges
2018-02-01 10:39:19,651 - get_models -!Error: File not found ../config/models_config.csv
2018-02-01 10:39:19,651 - get_train_data -Getting training data for training set 1 with feature keras_vgg16_fc2-edges...
2018-02-01 10:39:19,652 - get_train_data -Getting X from ../bin/features/keras_vgg16_fc2-edges/trainlist01.pkl...
2018-02-01 10:39:20,619 - get_train_data -X shape: (24954, 4096)
2018-02-01 10:39:20,620 - get_train_data -Getting y from ../bin/labels/trainlist01.pkl...
2018-02-01 10:39:20,660 - get_train_data -y shape: (24954,)
2018-02-01 10:39:20,660 - train -Creating models folder ../bin/models/keras_vgg16_fc2-edges/trainlist01...
2018-02-01 10:39:21,281 - train_for ->>>>>>>>>>>>>>>>>>>>>>>>>>>>>>>>>>>>>>>>>>>>>>>>>>>>>>>>>>>>>>>>>>>>>>>>>>>>>>>>>>>>>>>>>>>>>>>>>>>>
2018-02-01 10:39:21,282 - train_for ->>>>>>>>>>>>>>>>>>>>>>>>>>>>>>>>>>>>>>>>>>>>>>>>>>>>>>>>>>>>>>>>>>>>>>>>>>>>>>>>>>>>>>>>>>>>>>>>>>>>
2018-02-01 10:39:21,282 - train -Start training for train set 2 with feature keras_vgg16_fc2-edges
2018-02-01 10:39:21,282 - get_models -!Error: File not found ../config/models_config.csv
2018-02-01 10:39:21,283 - get_train_data -Getting training data for training set 2 with feature keras_vgg16_fc2-edges...
2018-02-01 10:39:21,283 - get_train_data -Getting X from ../bin/features/keras_vgg16_fc2-edges/trainlist02.pkl...
2018-02-01 10:39:22,286 - get_train_data -X shape: (25436, 4096)
2018-02-01 10:39:22,287 - get_train_data -Getting y from ../bin/labels/trainlist02.pkl...
2018-02-01 10:39:22,313 - get_train_data -y shape: (25436,)
2018-02-01 10:39:22,313 - train -Creating models folder ../bin/models/keras_vgg16_fc2-edges/trainlist02...
2018-02-01 10:39:22,913 - train_for ->>>>>>>>>>>>>>>>>>>>>>>>>>>>>>>>>>>>>>>>>>>>>>>>>>>>>>>>>>>>>>>>>>>>>>>>>>>>>>>>>>>>>>>>>>>>>>>>>>>>
2018-02-01 10:39:22,913 - train_for ->>>>>>>>>>>>>>>>>>>>>>>>>>>>>>>>>>>>>>>>>>>>>>>>>>>>>>>>>>>>>>>>>>>>>>>>>>>>>>>>>>>>>>>>>>>>>>>>>>>>
2018-02-01 10:39:22,914 - train -Start training for train set 3 with feature keras_vgg16_fc2-edges
2018-02-01 10:39:22,914 - get_models -!Error: File not found ../config/models_config.csv
2018-02-01 10:39:22,914 - get_train_data -Getting training data for training set 3 with feature keras_vgg16_fc2-edges...
2018-02-01 10:39:22,915 - get_train_data -Getting X from ../bin/features/keras_vgg16_fc2-edges/trainlist03.pkl...
2018-02-01 10:39:23,957 - get_train_data -X shape: (26140, 4096)
2018-02-01 10:39:23,957 - get_train_data -Getting y from ../bin/labels/trainlist03.pkl...
2018-02-01 10:39:23,975 - get_train_data -y shape: (26140,)
2018-02-01 10:39:23,975 - train -Creating models folder ../bin/models/keras_vgg16_fc2-edges/trainlist03...
2018-02-01 10:39:24,665 - train_for ->>>>>>>>>>>>>>>>>>>>>>>>>>>>>>>>>>>>>>>>>>>>>>>>>>>>>>>>>>>>>>>>>>>>>>>>>>>>>>>>>>>>>>>>>>>>>>>>>>>>
2018-02-01 10:39:24,666 - train_for ->>>>>>>>>>>>>>>>>>>>>>>>>>>>>>>>>>>>>>>>>>>>>>>>>>>>>>>>>>>>>>>>>>>>>>>>>>>>>>>>>>>>>>>>>>>>>>>>>>>>
2018-02-01 10:39:24,666 - train -Start training for train set 4 with feature keras_vgg16_fc2-edges
2018-02-01 10:39:24,667 - get_models -!Error: File not found ../config/models_config.csv
2018-02-01 10:39:24,667 - get_train_data -Getting training data for training set 4 with feature keras_vgg16_fc2-edges...
2018-02-01 10:39:24,667 - get_train_data -Getting X from ../bin/features/keras_vgg16_fc2-edges/trainlist04.pkl...
2018-02-01 10:39:25,652 - get_train_data -X shape: (25871, 4096)
2018-02-01 10:39:25,652 - get_train_data -Getting y from ../bin/labels/trainlist04.pkl...
2018-02-01 10:39:25,677 - get_train_data -y shape: (25871,)
2018-02-01 10:39:25,678 - train -Creating models folder ../bin/models/keras_vgg16_fc2-edges/trainlist04...
2018-02-01 10:39:26,329 - train_for ->>>>>>>>>>>>>>>>>>>>>>>>>>>>>>>>>>>>>>>>>>>>>>>>>>>>>>>>>>>>>>>>>>>>>>>>>>>>>>>>>>>>>>>>>>>>>>>>>>>>
2018-02-01 10:39:26,329 - train_for ->>>>>>>>>>>>>>>>>>>>>>>>>>>>>>>>>>>>>>>>>>>>>>>>>>>>>>>>>>>>>>>>>>>>>>>>>>>>>>>>>>>>>>>>>>>>>>>>>>>>
2018-02-01 10:39:26,330 - train -Start training for train set 5 with feature keras_vgg16_fc2-edges
2018-02-01 10:39:26,330 - get_models -!Error: File not found ../config/models_config.csv
2018-02-01 10:39:26,330 - get_train_data -Getting training data for training set 5 with feature keras_vgg16_fc2-edges...
2018-02-01 10:39:26,331 - get_train_data -Getting X from ../bin/features/keras_vgg16_fc2-edges/trainlist05.pkl...
2018-02-01 10:39:27,331 - get_train_data -X shape: (26057, 4096)
2018-02-01 10:39:27,332 - get_train_data -Getting y from ../bin/labels/trainlist05.pkl...
2018-02-01 10:39:27,357 - get_train_data -y shape: (26057,)
2018-02-01 10:39:27,357 - train -Creating models folder ../bin/models/keras_vgg16_fc2-edges/trainlist05...
2018-02-01 10:39:28,049 - train_for ->>>>>>>>>>>>>>>>>>>>>>>>>>>>>>>>>>>>>>>>>>>>>>>>>>>>>>>>>>>>>>>>>>>>>>>>>>>>>>>>>>>>>>>>>>>>>>>>>>>>
2018-02-01 10:39:28,050 - main -****************************************************************************************************
2018-02-01 10:40:11,624 - main -****************************************************************************************************
2018-02-01 10:40:11,624 - train_for -Start runing for feature keras_vgg16_fc2-edges...
2018-02-01 10:40:11,624 - train_for ->>>>>>>>>>>>>>>>>>>>>>>>>>>>>>>>>>>>>>>>>>>>>>>>>>>>>>>>>>>>>>>>>>>>>>>>>>>>>>>>>>>>>>>>>>>>>>>>>>>>
2018-02-01 10:40:11,624 - train -Start training for train set 0 with feature keras_vgg16_fc2-edges
2018-02-01 10:42:14,377 - main -****************************************************************************************************
2018-02-01 10:42:14,377 - train_for -Start runing for feature keras_vgg16_fc2-edges...
2018-02-01 10:42:14,377 - train_for ->>>>>>>>>>>>>>>>>>>>>>>>>>>>>>>>>>>>>>>>>>>>>>>>>>>>>>>>>>>>>>>>>>>>>>>>>>>>>>>>>>>>>>>>>>>>>>>>>>>>
2018-02-01 10:42:14,377 - train -Start training for train set 0 with feature keras_vgg16_fc2-edges
2018-02-01 10:42:14,377 - get_train_data -Getting training data for training set 0 with feature keras_vgg16_fc2-edges...
2018-02-01 10:42:14,377 - get_train_data -Getting X from ../bin/features/keras_vgg16_fc2-edges/trainlist00.pkl...
2018-02-01 10:42:14,377 - get_train_data -X shape: (38, 4096)
2018-02-01 10:42:14,377 - get_train_data -Getting y from ../bin/labels/trainlist00.pkl...
2018-02-01 10:42:14,377 - get_train_data -y shape: (38,)
2018-02-01 10:42:14,377 - train -Fitting with model 0: linear_0.1_None_None.pkl
2018-02-01 10:42:14,477 - train -Done. fit_time = 0.10015201568603516
2018-02-01 10:42:14,477 - train -Saving model 0 to ../bin/models/keras_vgg16_fc2-edges/trainlist00 ...
2018-02-01 10:42:14,555 - train -Fitting with model 1: linear_1000_None_None.pkl
2018-02-01 10:42:14,557 - train -Done. fit_time = 0.001077413558959961
2018-02-01 10:42:14,557 - train -Saving model 1 to ../bin/models/keras_vgg16_fc2-edges/trainlist00 ...
2018-02-01 10:42:14,557 - train -Fitting with model 2: poly_1000_2_None.pkl
2018-02-01 10:42:14,575 - train -Done. fit_time = 0.01763176918029785
2018-02-01 10:42:14,576 - train -Saving model 2 to ../bin/models/keras_vgg16_fc2-edges/trainlist00 ...
2018-02-01 10:42:14,594 - train -Fitting with model 3: poly_1000_3_None.pkl
2018-02-01 10:42:14,601 - train -Done. fit_time = 0.006005287170410156
2018-02-01 10:42:14,602 - train -Saving model 3 to ../bin/models/keras_vgg16_fc2-edges/trainlist00 ...
2018-02-01 10:42:14,623 - train -Fitting with model 4: rbf_1000_None_0.00000001.pkl
2018-02-01 10:42:14,636 - train -Done. fit_time = 0.012008905410766602
2018-02-01 10:42:14,636 - train -Saving model 4 to ../bin/models/keras_vgg16_fc2-edges/trainlist00 ...
2018-02-01 10:42:14,662 - train -Fitting with model 5: rbf_1000_None_0.000001.pkl
2018-02-01 10:42:14,668 - train -Done. fit_time = 0.005003690719604492
2018-02-01 10:42:14,670 - train -Saving model 5 to ../bin/models/keras_vgg16_fc2-edges/trainlist00 ...
2018-02-01 10:42:14,689 - train_for ->>>>>>>>>>>>>>>>>>>>>>>>>>>>>>>>>>>>>>>>>>>>>>>>>>>>>>>>>>>>>>>>>>>>>>>>>>>>>>>>>>>>>>>>>>>>>>>>>>>>
2018-02-01 10:42:14,692 - train_for ->>>>>>>>>>>>>>>>>>>>>>>>>>>>>>>>>>>>>>>>>>>>>>>>>>>>>>>>>>>>>>>>>>>>>>>>>>>>>>>>>>>>>>>>>>>>>>>>>>>>
2018-02-01 10:42:14,692 - train -Start training for train set 1 with feature keras_vgg16_fc2-edges
2018-02-01 10:42:14,693 - get_train_data -Getting training data for training set 1 with feature keras_vgg16_fc2-edges...
2018-02-01 10:42:14,694 - get_train_data -Getting X from ../bin/features/keras_vgg16_fc2-edges/trainlist01.pkl...
2018-02-01 10:42:15,880 - get_train_data -X shape: (24954, 4096)
2018-02-01 10:42:15,880 - get_train_data -Getting y from ../bin/labels/trainlist01.pkl...
2018-02-01 10:42:15,894 - get_train_data -y shape: (24954,)
2018-02-01 10:42:15,895 - train -Fitting with model 0: linear_0.1_None_None.pkl
